[handleMsg]:  {
  key: {
    remoteJid: '51958314254@s.whatsapp.net',
    fromMe: false,
    id: '56B9BC752ED344C9572CCE054C381F0B',
    participant: undefined
  },
  messageTimestamp: 1719325924,
  pushName: '🐉',
  broadcast: false,
  message: Message {
    conversation: 'Hola',
    messageContextInfo: MessageContextInfo {
      deviceListMetadata: [DeviceListMetadata],
      deviceListMetadataVersion: 2
    }
  },
  body: 'Hola',
  from: '51958314254'
}
[QUEUE_SE_ENVIO]:  {
  ref: 'ans_86235139-2d8f-46f8-8ffe-7a45055f7771',
  keyword: 'key_c57c82ed-66f9-4bc0-9c76-a0c41fd2a3ab',
  answer: 'Hola, ¿Cómo estás?, Bienvenido a *CALEES*',
  options: {
    media: null,
    buttons: [],
    capture: false,
    child: null,
    delay: 5000,
    idle: null,
    ref: null,
    nested: [],
    keyword: {},
    callback: false
  },
  refSerialize: '05de4ae1c1c08a17655f97af84f12b4d'
}
[QUEUE_SE_ENVIO]:  {
  ref: 'ans_759dd388-596b-4ce1-9381-b22971458de4',
  keyword: 'ans_86235139-2d8f-46f8-8ffe-7a45055f7771',
  answer: 'Aquí encontrarás nuestro catálogo virtual *ACTUALIZADO*📄\n' +
    ' \n' +
    '👉https://caleesperu.com/shop/ 🔥',
  options: {
    media: null,
    buttons: [],
    capture: false,
    child: null,
    delay: 2000,
    idle: null,
    ref: null,
    nested: [],
    keyword: {},
    callback: false
  },
  refSerialize: '46c58ef5d284e50c3b94656b1ae24c89'
}
[QUEUE_SE_ENVIO]:  {
  ref: 'ans_0161db89-b0a9-44a1-a2a5-93d312a8889e',
  keyword: 'ans_759dd388-596b-4ce1-9381-b22971458de4',
  answer: '1. Deseas *CONSULTAR* por un producto en especifico de nuestro catálogo ❓',
  options: {
    media: null,
    buttons: [],
    capture: false,
    child: null,
    delay: 2000,
    idle: null,
    ref: null,
    nested: [],
    keyword: {},
    callback: false
  },
  refSerialize: '75d158e921b0d2d02b2bce015cbb3dc8'
}
[QUEUE_SE_ENVIO]:  {
  ref: 'ans_fd0b8592-7eda-46b5-9e04-30114e615d0c',
  keyword: 'ans_0161db89-b0a9-44a1-a2a5-93d312a8889e',
  answer: '2. O tal vez ya sabes que prendas deseas adquirir, y quieres realizar un *PEDIDO* ✅ ',
  options: {
    media: null,
    buttons: [],
    capture: false,
    child: null,
    delay: 1000,
    idle: null,
    ref: null,
    nested: [],
    keyword: {},
    callback: false
  },
  refSerialize: '72fbf8cff476853e21d710867327f9c2'
}
